<?xml version="1.0" encoding="UTF-8"?>
<!-- Generated by org.testng.reporters.JUnitReportReporter -->
<testsuite hostname="DESKTOP-N8H8ECD" failures="0" tests="2" name="TestNG.Exm13_Failed_xml_Rerun" time="0.010" errors="0" timestamp="2023-06-16T10:31:17 IST" skipped="0">
  <testcase classname="TestNG.Exm13_Failed_xml_Rerun" name="TC3" time="0.000"/>
  <system-out>
    <![CDATA[--running TC 3]]>
  </system-out>
  <testcase classname="TestNG.Exm13_Failed_xml_Rerun" name="TC4" time="0.010"/>
  <system-out>
    <![CDATA[--running TC 4]]>
  </system-out>
</testsuite> <!-- TestNG.Exm13_Failed_xml_Rerun -->
