<?xml version="1.0" encoding="UTF-8"?>
<!-- Generated by org.testng.reporters.JUnitReportReporter -->
<testsuite hostname="DESKTOP-N8H8ECD" failures="0" tests="1" name="POM_DDF_TestNG_Utility_BaseClass1.PBLoginTest" time="24.557" errors="0" timestamp="2023-06-21T11:37:27 IST" skipped="0">
  <testcase classname="POM_DDF_TestNG_Utility_BaseClass1.PBLoginTest" name="VerifyFullName" time="24.557"/>
  <system-out/>
</testsuite> <!-- POM_DDF_TestNG_Utility_BaseClass1.PBLoginTest -->
