<?xml version="1.0" encoding="UTF-8"?>
<!-- Generated by org.testng.reporters.JUnitReportReporter -->
<testsuite hostname="DESKTOP-N8H8ECD" failures="0" tests="3" name="TestNG.Ex6_TestNG_Keyword_EnableFalse" time="0.011" errors="0" timestamp="2023-06-11T10:59:07 IST" skipped="2">
  <testcase classname="TestNG.Ex6_TestNG_Keyword_EnableFalse" name="TC1" time="0.011"/>
  <system-out>
    <![CDATA[----running TC 1----]]>
  </system-out>
  <testcase classname="TestNG.Ex6_TestNG_Keyword_EnableFalse" name="TC2">
    <skipped/>
  </testcase> <!-- TC2 -->
  <system-out/>
  <testcase classname="TestNG.Ex6_TestNG_Keyword_EnableFalse" name="TC3">
    <skipped/>
  </testcase> <!-- TC3 -->
  <system-out/>
</testsuite> <!-- TestNG.Ex6_TestNG_Keyword_EnableFalse -->
