<?xml version="1.0" encoding="UTF-8"?>
<!-- Generated by org.testng.reporters.JUnitReportReporter -->
<testsuite hostname="DESKTOP-N8H8ECD" failures="0" tests="2" name="TestNG.Ex3TestNG_Annotations" time="0.000" errors="0" timestamp="2023-06-10T22:49:42 IST" skipped="0">
  <testcase classname="TestNG.Ex3TestNG_Annotations" name="VerifyFullname2" time="0.000"/>
  <system-out>
    <![CDATA[------running VerifyFullName2-----]]>
  </system-out>
  <testcase classname="TestNG.Ex3TestNG_Annotations" name="VerifyFullname1" time="0.000"/>
  <system-out>
    <![CDATA[------running VerifyFullName1-----]]>
  </system-out>
</testsuite> <!-- TestNG.Ex3TestNG_Annotations -->
