<?xml version="1.0" encoding="UTF-8"?>
<!-- Generated by org.testng.reporters.JUnitReportReporter -->
<testsuite hostname="DESKTOP-N8H8ECD" failures="0" tests="6" name="TestNG.Ex4_TestNG_KeyWords" time="0.014" errors="0" timestamp="2023-06-10T23:10:59 IST" skipped="0">
  <testcase classname="TestNG.Ex4_TestNG_KeyWords" name="TC3" time="0.001"/>
  <system-out>
    <![CDATA[----running TC 3----]]>
  </system-out>
  <testcase classname="TestNG.Ex4_TestNG_KeyWords" name="TC2" time="0.001"/>
  <system-out>
    <![CDATA[----running TC 2----]]>
  </system-out>
  <testcase classname="TestNG.Ex4_TestNG_KeyWords" name="TC2" time="0.001"/>
  <system-out>
    <![CDATA[----running TC 2----]]>
  </system-out>
  <testcase classname="TestNG.Ex4_TestNG_KeyWords" name="TC3" time="0.001"/>
  <system-out>
    <![CDATA[----running TC 3----]]>
  </system-out>
  <testcase classname="TestNG.Ex4_TestNG_KeyWords" name="TC1" time="0.001"/>
  <system-out>
    <![CDATA[----running TC 1----]]>
  </system-out>
  <testcase classname="TestNG.Ex4_TestNG_KeyWords" name="TC1" time="0.009"/>
  <system-out>
    <![CDATA[----running TC 1----]]>
  </system-out>
</testsuite> <!-- TestNG.Ex4_TestNG_KeyWords -->
