<?xml version="1.0" encoding="UTF-8"?>
<!-- Generated by org.testng.reporters.JUnitReportReporter -->
<testsuite hostname="DESKTOP-N8H8ECD" failures="0" tests="3" name="TestNG.Exm12_Disable_TCE_ByTestSuit_Include" time="0.010" errors="0" timestamp="2023-06-16T09:54:08 IST" skipped="0">
  <testcase classname="TestNG.Exm12_Disable_TCE_ByTestSuit_Include" name="TC2" time="0.001"/>
  <system-out>
    <![CDATA[--running TC 2]]>
  </system-out>
  <testcase classname="TestNG.Exm12_Disable_TCE_ByTestSuit_Include" name="TC4" time="0.001"/>
  <system-out>
    <![CDATA[--running TC 4]]>
  </system-out>
  <testcase classname="TestNG.Exm12_Disable_TCE_ByTestSuit_Include" name="TC1" time="0.008"/>
  <system-out>
    <![CDATA[--running TC 1]]>
  </system-out>
</testsuite> <!-- TestNG.Exm12_Disable_TCE_ByTestSuit_Include -->
