<?xml version="1.0" encoding="UTF-8"?>
<!-- Generated by org.testng.reporters.JUnitReportReporter -->
<testsuite hostname="DESKTOP-N8H8ECD" failures="0" tests="1" name="POM_DDF_TestNG_Utility_BaseClass2.PBSignOutTest1" time="10.438" errors="0" timestamp="2023-06-20T15:25:57 IST" skipped="0">
  <testcase classname="POM_DDF_TestNG_Utility_BaseClass2.PBSignOutTest1" name="MyAcc" time="10.438"/>
  <system-out/>
</testsuite> <!-- POM_DDF_TestNG_Utility_BaseClass2.PBSignOutTest1 -->
