<?xml version="1.0" encoding="UTF-8"?>
<!-- Generated by org.testng.reporters.JUnitReportReporter -->
<testsuite hostname="DESKTOP-N8H8ECD" failures="0" tests="1" name="TestNG.Ex10_SoftAssertClass" time="0.012" errors="0" timestamp="2023-06-11T12:48:50 IST" skipped="0">
  <testcase classname="TestNG.Ex10_SoftAssertClass" name="name" time="0.012"/>
  <system-out/>
</testsuite> <!-- TestNG.Ex10_SoftAssertClass -->
