<?xml version="1.0" encoding="UTF-8"?>
<!-- Generated by org.testng.reporters.JUnitReportReporter -->
<testsuite hostname="DESKTOP-N8H8ECD" failures="0" tests="1" name="POM_DDF_TestNG1.PBSignOutTest1" time="13.572" errors="0" timestamp="2023-06-20T15:24:08 IST" skipped="0">
  <testcase classname="POM_DDF_TestNG1.PBSignOutTest1" name="MyAcc" time="13.572"/>
  <system-out/>
</testsuite> <!-- POM_DDF_TestNG1.PBSignOutTest1 -->
