<?xml version="1.0" encoding="UTF-8"?>
<!-- Generated by org.testng.reporters.JUnitReportReporter -->
<testsuite hostname="DESKTOP-N8H8ECD" failures="0" tests="1" name="TestNG.Ex9_AssertClass_assertNotEquals" time="0.009" errors="0" timestamp="2023-06-11T11:30:07 IST" skipped="0">
  <testcase classname="TestNG.Ex9_AssertClass_assertNotEquals" name="name" time="0.009"/>
  <system-out/>
</testsuite> <!-- TestNG.Ex9_AssertClass_assertNotEquals -->
