<?xml version="1.0" encoding="UTF-8"?>
<!-- Generated by org.testng.reporters.JUnitReportReporter -->
<testsuite hostname="DESKTOP-N8H8ECD" failures="0" tests="1" name="POM_DDF_TestNG_Utility_BaseClass4.PBLoginTest" time="12.292" errors="0" timestamp="2023-06-23T00:42:56 IST" skipped="0">
  <testcase classname="POM_DDF_TestNG_Utility_BaseClass4.PBLoginTest" name="VerifyFullName" time="12.292"/>
</testsuite> <!-- POM_DDF_TestNG_Utility_BaseClass4.PBLoginTest -->
