<?xml version="1.0" encoding="UTF-8"?>
<!-- Generated by org.testng.reporters.JUnitReportReporter -->
<testsuite hostname="DESKTOP-N8H8ECD" failures="0" tests="1" name="POM_DDF_TestNG2.PBLoginTest" time="15.613" errors="0" timestamp="2023-06-20T14:26:28 IST" skipped="0">
  <testcase classname="POM_DDF_TestNG2.PBLoginTest" name="VerifyFullName" time="15.613"/>
  <system-out/>
</testsuite> <!-- POM_DDF_TestNG2.PBLoginTest -->
