<?xml version="1.0" encoding="UTF-8"?>
<!-- Generated by org.testng.reporters.JUnitReportReporter -->
<testsuite hostname="DESKTOP-N8H8ECD" failures="0" tests="3" name="TestNG.Exm11_Sample1" time="0.003" errors="0" timestamp="2023-06-11T13:40:23 IST" skipped="0">
  <testcase classname="TestNG.Exm11_Sample1" name="TC1" time="0.001"/>
  <system-out>
    <![CDATA[---running TC 1---]]>
  </system-out>
  <testcase classname="TestNG.Exm11_Sample1" name="TC2" time="0.001"/>
  <system-out>
    <![CDATA[---running TC 1---]]>
  </system-out>
  <testcase classname="TestNG.Exm11_Sample1" name="TC3" time="0.001"/>
  <system-out>
    <![CDATA[---running TC 1---]]>
  </system-out>
</testsuite> <!-- TestNG.Exm11_Sample1 -->
