<?xml version="1.0" encoding="UTF-8"?>
<!-- Generated by org.testng.reporters.JUnitReportReporter -->
<testsuite hostname="DESKTOP-N8H8ECD" failures="0" tests="1" name="POM_DDF_TestNG_Utility_BaseClass.PBLoginTest" time="13.565" errors="0" timestamp="2023-06-20T15:27:40 IST" skipped="0">
  <testcase classname="POM_DDF_TestNG_Utility_BaseClass.PBLoginTest" name="VerifyFullName" time="13.565"/>
  <system-out/>
</testsuite> <!-- POM_DDF_TestNG_Utility_BaseClass.PBLoginTest -->
