<?xml version="1.0" encoding="UTF-8"?>
<!-- Generated by org.testng.reporters.JUnitReportReporter -->
<testsuite hostname="DESKTOP-N8H8ECD" failures="0" tests="2" name="TestNG.Ex2_TestClass_With_TestNg" time="0.018" errors="0" timestamp="2023-06-09T00:03:40 IST" skipped="0">
  <testcase classname="TestNG.Ex2_TestClass_With_TestNg" name="m1" time="0.017"/>
  <system-out>
    <![CDATA[Hii Pooja]]>
  </system-out>
  <testcase classname="TestNG.Ex2_TestClass_With_TestNg" name="m2" time="0.001"/>
  <system-out>
    <![CDATA[Hello Gm]]>
  </system-out>
</testsuite> <!-- TestNG.Ex2_TestClass_With_TestNg -->
