<?xml version="1.0" encoding="UTF-8"?>
<!-- Generated by org.testng.reporters.JUnitReportReporter -->
<testsuite hostname="DESKTOP-N8H8ECD" failures="0" tests="2" name="$PD$.TestNG_DataProvider" time="0.016" errors="0" timestamp="2023-06-18T13:21:07 IST" skipped="0">
  <testcase classname="$PD$.TestNG_DataProvider" name="DbProvider" time="0.000"/>
  <system-out/>
  <testcase classname="$PD$.TestNG_DataProvider" name="DbProvider" time="0.016"/>
  <system-out/>
</testsuite> <!-- $PD$.TestNG_DataProvider -->
