<?xml version="1.0" encoding="UTF-8"?>
<!-- Generated by org.testng.reporters.JUnitReportReporter -->
<testsuite hostname="DESKTOP-N8H8ECD" failures="0" tests="1" name="TestNG.Exm16_MultibrowserTesting1" time="11.678" errors="0" timestamp="2023-06-18T13:53:28 IST" skipped="0">
  <testcase classname="TestNG.Exm16_MultibrowserTesting1" name="MultiBrowser" time="11.678"/>
  <system-out/>
</testsuite> <!-- TestNG.Exm16_MultibrowserTesting1 -->
