<?xml version="1.0" encoding="UTF-8"?>
<!-- Generated by org.testng.reporters.JUnitReportReporter -->
<testsuite hostname="DESKTOP-N8H8ECD" failures="0" tests="3" name="TestNG.Exm12_Disable_TestExecution_ByTestSuit" time="0.013" errors="0" timestamp="2023-06-16T09:45:25 IST" skipped="0">
  <testcase classname="TestNG.Exm12_Disable_TestExecution_ByTestSuit" name="TC2" time="0.001"/>
  <system-out>
    <![CDATA[--running TC 2]]>
  </system-out>
  <testcase classname="TestNG.Exm12_Disable_TestExecution_ByTestSuit" name="TC3" time="0.001"/>
  <system-out>
    <![CDATA[--running TC 3]]>
  </system-out>
  <testcase classname="TestNG.Exm12_Disable_TestExecution_ByTestSuit" name="TC1" time="0.011"/>
  <system-out>
    <![CDATA[--running TC 1]]>
  </system-out>
</testsuite> <!-- TestNG.Exm12_Disable_TestExecution_ByTestSuit -->
