<?xml version="1.0" encoding="UTF-8"?>
<!-- Generated by org.testng.reporters.JUnitReportReporter -->
<testsuite hostname="DESKTOP-N8H8ECD" failures="0" tests="2" name="TestNG.Exm12_Disable_TCE_ByTestSuit_Exclude" time="0.008" errors="0" timestamp="2023-06-16T10:12:05 IST" skipped="0">
  <testcase classname="TestNG.Exm12_Disable_TCE_ByTestSuit_Exclude" name="TC3" time="0.007"/>
  <system-out>
    <![CDATA[--running TC 3]]>
  </system-out>
  <testcase classname="TestNG.Exm12_Disable_TCE_ByTestSuit_Exclude" name="TC4" time="0.001"/>
  <system-out>
    <![CDATA[--running TC 4]]>
  </system-out>
</testsuite> <!-- TestNG.Exm12_Disable_TCE_ByTestSuit_Exclude -->
