<?xml version="1.0" encoding="UTF-8"?>
<!-- Generated by org.testng.reporters.JUnitReportReporter -->
<testsuite hostname="DESKTOP-N8H8ECD" failures="0" tests="3" name="TestNG.Ex8_TestNG_Keyword_DependsOnMethod" time="0.010" errors="0" timestamp="2023-06-11T11:10:08 IST" skipped="0">
  <testcase classname="TestNG.Ex8_TestNG_Keyword_DependsOnMethod" name="Logout" time="0.001"/>
  <system-out>
    <![CDATA[---log out---]]>
  </system-out>
  <testcase classname="TestNG.Ex8_TestNG_Keyword_DependsOnMethod" name="Signin" time="0.001"/>
  <system-out>
    <![CDATA[---sign in into app---]]>
  </system-out>
  <testcase classname="TestNG.Ex8_TestNG_Keyword_DependsOnMethod" name="Login" time="0.008"/>
  <system-out>
    <![CDATA[---Log in into app---]]>
  </system-out>
</testsuite> <!-- TestNG.Ex8_TestNG_Keyword_DependsOnMethod -->
