<?xml version="1.0" encoding="UTF-8"?>
<!-- Generated by org.testng.reporters.JUnitReportReporter -->
<testsuite hostname="DESKTOP-N8H8ECD" failures="0" tests="4" name="TestNG.Ex5_TestNG_KeyWord_priority" time="0.016" errors="0" timestamp="2023-06-11T10:54:48 IST" skipped="0">
  <testcase classname="TestNG.Ex5_TestNG_KeyWord_priority" name="TC3" time="0.016"/>
  <system-out>
    <![CDATA[----running TC 3----]]>
  </system-out>
  <testcase classname="TestNG.Ex5_TestNG_KeyWord_priority" name="TC2" time="0.000"/>
  <system-out>
    <![CDATA[----running TC 2----]]>
  </system-out>
  <testcase classname="TestNG.Ex5_TestNG_KeyWord_priority" name="TC4" time="0.000"/>
  <system-out>
    <![CDATA[----running TC 4----]]>
  </system-out>
  <testcase classname="TestNG.Ex5_TestNG_KeyWord_priority" name="TC1" time="0.000"/>
  <system-out>
    <![CDATA[----running TC 1----]]>
  </system-out>
</testsuite> <!-- TestNG.Ex5_TestNG_KeyWord_priority -->
