<?xml version="1.0" encoding="UTF-8"?>
<!-- Generated by org.testng.reporters.JUnitReportReporter -->
<testsuite hostname="DESKTOP-N8H8ECD" failures="0" tests="3" name="TestNG.Exm14_GroupingTC2" time="0.005" errors="0" timestamp="2023-06-16T10:56:11 IST" skipped="0">
  <testcase classname="TestNG.Exm14_GroupingTC2" name="TC1" time="0.000"/>
  <system-out>
    <![CDATA[--running TC 1]]>
  </system-out>
  <testcase classname="TestNG.Exm14_GroupingTC2" name="TC3" time="0.000"/>
  <system-out>
    <![CDATA[--running TC 3]]>
  </system-out>
  <testcase classname="TestNG.Exm14_GroupingTC2" name="TC2" time="0.005"/>
  <system-out>
    <![CDATA[--running TC 2]]>
  </system-out>
</testsuite> <!-- TestNG.Exm14_GroupingTC2 -->
