<?xml version="1.0" encoding="UTF-8"?>
<!-- Generated by org.testng.reporters.JUnitReportReporter -->
<testsuite hostname="DESKTOP-N8H8ECD" failures="0" tests="1" name="TestNG.Exm15_ParallelExecution2" time="46.883" errors="0" timestamp="2023-06-16T11:29:07 IST" skipped="0">
  <testcase classname="TestNG.Exm15_ParallelExecution2" name="OpenGoogleApp" time="46.883"/>
  <system-out/>
</testsuite> <!-- TestNG.Exm15_ParallelExecution2 -->
